0 info it worked if it ends with ok
1 verbose cli [ '/usr/local/bin/node', '/usr/local/bin/npm', 'start' ]
2 info using npm@3.3.10
3 info using node@v4.0.0
4 verbose run-script [ 'prestart', 'start', 'poststart' ]
5 info lifecycle ((soLib))@1.3.3~prestart: ((soLib))@1.3.3
6 silly lifecycle ((soLib))@1.3.3~prestart: no script for prestart, continuing
7 info lifecycle ((soLib))@1.3.3~start: ((soLib))@1.3.3
8 verbose lifecycle ((soLib))@1.3.3~start: unsafe-perm in lifecycle true
9 verbose lifecycle ((soLib))@1.3.3~start: PATH: /usr/local/lib/node_modules/npm/bin/node-gyp-bin:/home/olga/proyectos/cotsysRTL/node_modules/.bin:/usr/local/sbin:/usr/local/bin:/usr/sbin:/usr/bin:/sbin:/bin:/opt/android-studio/bin
10 verbose lifecycle ((soLib))@1.3.3~start: CWD: /home/olga/proyectos/cotsysRTL
11 silly lifecycle ((soLib))@1.3.3~start: Args: [ '-c', 'node node_modules/http-server/bin/http-server src -o' ]
12 silly lifecycle ((soLib))@1.3.3~start: Returned: code: 1  signal: null
13 info lifecycle ((soLib))@1.3.3~start: Failed to exec start script
14 verbose stack Error: ((soLib))@1.3.3 start: `node node_modules/http-server/bin/http-server src -o`
14 verbose stack Exit status 1
14 verbose stack     at EventEmitter.<anonymous> (/usr/local/lib/node_modules/npm/lib/utils/lifecycle.js:232:16)
14 verbose stack     at emitTwo (events.js:87:13)
14 verbose stack     at EventEmitter.emit (events.js:172:7)
14 verbose stack     at ChildProcess.<anonymous> (/usr/local/lib/node_modules/npm/lib/utils/spawn.js:24:14)
14 verbose stack     at emitTwo (events.js:87:13)
14 verbose stack     at ChildProcess.emit (events.js:172:7)
14 verbose stack     at maybeClose (internal/child_process.js:817:16)
14 verbose stack     at Process.ChildProcess._handle.onexit (internal/child_process.js:211:5)
15 verbose pkgid ((soLib))@1.3.3
16 verbose cwd /home/olga/proyectos/cotsysRTL
17 error Linux 3.16.0-49-generic
18 error argv "/usr/local/bin/node" "/usr/local/bin/npm" "start"
19 error node v4.0.0
20 error npm  v3.3.10
21 error code ELIFECYCLE
22 error ((soLib))@1.3.3 start: `node node_modules/http-server/bin/http-server src -o`
22 error Exit status 1
23 error Failed at the ((soLib))@1.3.3 start script 'node node_modules/http-server/bin/http-server src -o'.
23 error Make sure you have the latest version of node.js and npm installed.
23 error If you do, this is most likely a problem with the ((soLib)) package,
23 error not with npm itself.
23 error Tell the author that this fails on your system:
23 error     node node_modules/http-server/bin/http-server src -o
23 error You can get their info via:
23 error     npm owner ls ((soLib))
23 error There is likely additional logging output above.
24 verbose exit [ 1, true ]
